{
  "uid" : "d535b4ac147de493",
  "name" : "test_sharingCenterApprove",
  "fullName" : "Testcases.basIndexPageTest.fundbillEasPageTest.test_newDisaccountApplyBoe.TestNewDisaccountApplyBoe#test_sharingCenterApprove",
  "historyId" : "e0bc771f48c570011669bf21d8fe3c8f",
  "time" : {
    "start" : 1615018330647,
    "stop" : 1615018369455,
    "duration" : 38808
  },
  "status" : "broken",
  "statusMessage" : "selenium.common.exceptions.TimeoutException: Message:",
  "statusTrace" : "self = <Testcases.basIndexPageTest.fundbillEasPageTest.test_newDisaccountApplyBoe.TestNewDisaccountApplyBoe object at 0x000001FDCF23AEB8>\n\n    @allure.story(\"贴现托收申请单（新）共享中心界面财务审批\")\n    @allure.step(\"贴现托收申请单（新）共享中心界面财务审批步骤\")\n    @pytest.mark.dependency(depends=[\"submit\"])\n    def test_sharingCenterApprove(self):\n        logger.info(\" ----- 单据财务审批开始 ----- \")\n        global boeNum\n        self.sharingCenterApprove = SharingCenterApprove(boeNum)\n>       self.sharingCenterApprove.sharingCenterApproveChuShen()\n\nTestcases\\basIndexPageTest\\fundbillEasPageTest\\test_newDisaccountApplyBoe.py:82: \n_ _ _ _ _ _ _ _ _ _ _ _ _ _ _ _ _ _ _ _ _ _ _ _ _ _ _ _ _ _ _ _ _ _ _ _ _ _ _ _ _ _ _ _ _ _ _ _ _ _ _ _ _ _ _ _ _ _ _ _ _ _ _ _ _ _ _ _ _ _ _ _ _ _ _ _ _ _ _ _ _ _ _ _ _ _ _ _ _ _ _ _ _ _ _ _ _ _ _ _ _ _ _ _ _ _ _ _ _ _ _ _ _ _ _ _\nTestcases\\common\\boeSharingCenterApprove.py:24: in sharingCenterApproveChuShen\n    self._handleTimer.runTimer()\nTestcases\\common\\handleTimer.py:30: in runTimer\n    self._timerManage.click_runTimer()\nPageClass\\configIndexPage\\interfacePlatformPage.py:43: in click_runTimer\n    EC.visibility_of_element_located( self._runTimer ))\n_ _ _ _ _ _ _ _ _ _ _ _ _ _ _ _ _ _ _ _ _ _ _ _ _ _ _ _ _ _ _ _ _ _ _ _ _ _ _ _ _ _ _ _ _ _ _ _ _ _ _ _ _ _ _ _ _ _ _ _ _ _ _ _ _ _ _ _ _ _ _ _ _ _ _ _ _ _ _ _ _ _ _ _ _ _ _ _ _ _ _ _ _ _ _ _ _ _ _ _ _ _ _ _ _ _ _ _ _ _ _ _ _ _ _ _\n\nself = <selenium.webdriver.support.wait.WebDriverWait (session=\"b29c92e583a088a8f9cf85e7c5468b4c\")>, method = <selenium.webdriver.support.expected_conditions.visibility_of_element_located object at 0x000001FDCF401898>, message = ''\n\n    def until(self, method, message=''):\n        \"\"\"Calls the method provided with the driver as an argument until the \\\n        return value is not False.\"\"\"\n        screen = None\n        stacktrace = None\n    \n        end_time = time.time() + self._timeout\n        while True:\n            try:\n                value = method(self._driver)\n                if value:\n                    return value\n            except self._ignored_exceptions as exc:\n                screen = getattr(exc, 'screen', None)\n                stacktrace = getattr(exc, 'stacktrace', None)\n            time.sleep(self._poll)\n            if time.time() > end_time:\n                break\n>       raise TimeoutException(message, screen, stacktrace)\nE       selenium.common.exceptions.TimeoutException: Message:\n\nC:\\Users\\zxxy\\AppData\\Local\\Programs\\Python\\Python36\\lib\\site-packages\\selenium\\webdriver\\support\\wait.py:80: TimeoutException",
  "flaky" : false,
  "beforeStages" : [ {
    "name" : "_Class__pytest_setup_class",
    "time" : {
      "start" : 1615018273610,
      "stop" : 1615018289134,
      "duration" : 15524
    },
    "status" : "passed",
    "steps" : [ ],
    "attachments" : [ ],
    "parameters" : [ ],
    "attachmentsCount" : 0,
    "shouldDisplayMessage" : false,
    "hasContent" : false,
    "stepsCount" : 0
  } ],
  "testStage" : {
    "status" : "broken",
    "statusMessage" : "selenium.common.exceptions.TimeoutException: Message:",
    "statusTrace" : "self = <Testcases.basIndexPageTest.fundbillEasPageTest.test_newDisaccountApplyBoe.TestNewDisaccountApplyBoe object at 0x000001FDCF23AEB8>\n\n    @allure.story(\"贴现托收申请单（新）共享中心界面财务审批\")\n    @allure.step(\"贴现托收申请单（新）共享中心界面财务审批步骤\")\n    @pytest.mark.dependency(depends=[\"submit\"])\n    def test_sharingCenterApprove(self):\n        logger.info(\" ----- 单据财务审批开始 ----- \")\n        global boeNum\n        self.sharingCenterApprove = SharingCenterApprove(boeNum)\n>       self.sharingCenterApprove.sharingCenterApproveChuShen()\n\nTestcases\\basIndexPageTest\\fundbillEasPageTest\\test_newDisaccountApplyBoe.py:82: \n_ _ _ _ _ _ _ _ _ _ _ _ _ _ _ _ _ _ _ _ _ _ _ _ _ _ _ _ _ _ _ _ _ _ _ _ _ _ _ _ _ _ _ _ _ _ _ _ _ _ _ _ _ _ _ _ _ _ _ _ _ _ _ _ _ _ _ _ _ _ _ _ _ _ _ _ _ _ _ _ _ _ _ _ _ _ _ _ _ _ _ _ _ _ _ _ _ _ _ _ _ _ _ _ _ _ _ _ _ _ _ _ _ _ _ _\nTestcases\\common\\boeSharingCenterApprove.py:24: in sharingCenterApproveChuShen\n    self._handleTimer.runTimer()\nTestcases\\common\\handleTimer.py:30: in runTimer\n    self._timerManage.click_runTimer()\nPageClass\\configIndexPage\\interfacePlatformPage.py:43: in click_runTimer\n    EC.visibility_of_element_located( self._runTimer ))\n_ _ _ _ _ _ _ _ _ _ _ _ _ _ _ _ _ _ _ _ _ _ _ _ _ _ _ _ _ _ _ _ _ _ _ _ _ _ _ _ _ _ _ _ _ _ _ _ _ _ _ _ _ _ _ _ _ _ _ _ _ _ _ _ _ _ _ _ _ _ _ _ _ _ _ _ _ _ _ _ _ _ _ _ _ _ _ _ _ _ _ _ _ _ _ _ _ _ _ _ _ _ _ _ _ _ _ _ _ _ _ _ _ _ _ _\n\nself = <selenium.webdriver.support.wait.WebDriverWait (session=\"b29c92e583a088a8f9cf85e7c5468b4c\")>, method = <selenium.webdriver.support.expected_conditions.visibility_of_element_located object at 0x000001FDCF401898>, message = ''\n\n    def until(self, method, message=''):\n        \"\"\"Calls the method provided with the driver as an argument until the \\\n        return value is not False.\"\"\"\n        screen = None\n        stacktrace = None\n    \n        end_time = time.time() + self._timeout\n        while True:\n            try:\n                value = method(self._driver)\n                if value:\n                    return value\n            except self._ignored_exceptions as exc:\n                screen = getattr(exc, 'screen', None)\n                stacktrace = getattr(exc, 'stacktrace', None)\n            time.sleep(self._poll)\n            if time.time() > end_time:\n                break\n>       raise TimeoutException(message, screen, stacktrace)\nE       selenium.common.exceptions.TimeoutException: Message:\n\nC:\\Users\\zxxy\\AppData\\Local\\Programs\\Python\\Python36\\lib\\site-packages\\selenium\\webdriver\\support\\wait.py:80: TimeoutException",
    "steps" : [ {
      "name" : "贴现托收申请单（新）共享中心界面财务审批步骤",
      "time" : {
        "start" : 1615018330647,
        "stop" : 1615018369444,
        "duration" : 38797
      },
      "status" : "broken",
      "statusMessage" : "selenium.common.exceptions.TimeoutException: Message: \n\n",
      "statusTrace" : "  File \"C:\\Users\\zxxy\\AppData\\Local\\Programs\\Python\\Python36\\lib\\site-packages\\allure_commons\\_allure.py\", line 157, in impl\n    return func(*a, **kw)\n  File \"D:\\se\\Se_Project\\Testcases\\basIndexPageTest\\fundbillEasPageTest\\test_newDisaccountApplyBoe.py\", line 82, in test_sharingCenterApprove\n    self.sharingCenterApprove.sharingCenterApproveChuShen()\n  File \"D:\\se\\Se_Project\\Testcases\\common\\boeSharingCenterApprove.py\", line 24, in sharingCenterApproveChuShen\n    self._handleTimer.runTimer()\n  File \"D:\\se\\Se_Project\\Testcases\\common\\handleTimer.py\", line 30, in runTimer\n    self._timerManage.click_runTimer()\n  File \"D:\\se\\Se_Project\\PageClass\\configIndexPage\\interfacePlatformPage.py\", line 43, in click_runTimer\n    EC.visibility_of_element_located( self._runTimer ))\n  File \"C:\\Users\\zxxy\\AppData\\Local\\Programs\\Python\\Python36\\lib\\site-packages\\selenium\\webdriver\\support\\wait.py\", line 80, in until\n    raise TimeoutException(message, screen, stacktrace)\n",
      "steps" : [ ],
      "attachments" : [ ],
      "parameters" : [ ],
      "attachmentsCount" : 0,
      "shouldDisplayMessage" : true,
      "hasContent" : true,
      "stepsCount" : 0
    } ],
    "attachments" : [ {
      "uid" : "6bd304d17ab0fdb6",
      "name" : "log",
      "source" : "6bd304d17ab0fdb6.txt",
      "type" : "text/plain",
      "size" : 787
    } ],
    "parameters" : [ ],
    "attachmentsCount" : 1,
    "shouldDisplayMessage" : true,
    "hasContent" : true,
    "stepsCount" : 1
  },
  "afterStages" : [ {
    "name" : "_Class__pytest_setup_class::0",
    "time" : {
      "start" : 1615018369469,
      "stop" : 1615018371578,
      "duration" : 2109
    },
    "status" : "passed",
    "steps" : [ ],
    "attachments" : [ ],
    "parameters" : [ ],
    "attachmentsCount" : 0,
    "shouldDisplayMessage" : false,
    "hasContent" : false,
    "stepsCount" : 0
  } ],
  "labels" : [ {
    "name" : "feature",
    "value" : "贴现托收申请单（新）流程"
  }, {
    "name" : "story",
    "value" : "贴现托收申请单（新）共享中心界面财务审批"
  }, {
    "name" : "tag",
    "value" : "dependency(depends=['submit'])"
  }, {
    "name" : "parentSuite",
    "value" : "Testcases.basIndexPageTest.fundbillEasPageTest"
  }, {
    "name" : "suite",
    "value" : "test_newDisaccountApplyBoe"
  }, {
    "name" : "subSuite",
    "value" : "TestNewDisaccountApplyBoe"
  }, {
    "name" : "host",
    "value" : "LAPTOP-3T6FO04H"
  }, {
    "name" : "thread",
    "value" : "55600-MainThread"
  }, {
    "name" : "framework",
    "value" : "pytest"
  }, {
    "name" : "language",
    "value" : "cpython3"
  }, {
    "name" : "package",
    "value" : "Testcases.basIndexPageTest.fundbillEasPageTest.test_newDisaccountApplyBoe"
  }, {
    "name" : "resultFormat",
    "value" : "allure2"
  } ],
  "parameters" : [ ],
  "links" : [ ],
  "hidden" : false,
  "retry" : false,
  "extra" : {
    "severity" : "normal",
    "retries" : [ ],
    "categories" : [ {
      "name" : "Test defects",
      "matchedStatuses" : [ ],
      "flaky" : false
    } ],
    "tags" : [ "dependency(depends=['submit'])" ]
  },
  "source" : "d535b4ac147de493.json",
  "parameterValues" : [ ]
}