{"name": "test_addGroup[保存成功]", "status": "broken", "statusDetails": {"message": "selenium.common.exceptions.TimeoutException: Message:", "trace": "self = <Testcases.publicIndexPageTest.test_groupManagementPage.TestManagementPageClass object at 0x000001855ADDCCF8>\nmanagementPageClass_testdata = {'casename': '保存成功', 'describeC': '这是自动化测试', 'describeE': 'this is a auto test', 'groupCname': '测试1', ...}\n\n    def test_addGroup(self, managementPageClass_testdata):\n        WebDriverWait(self.managementPageClass.driver, 5).until(\n            EC.visibility_of_element_located(self.managementPageClass.getGroupManagement()))\n    \n        self.managementPageClass.open_groupManagement()\n        self.managementPageClass.open_management()\n        self.managementPageClass.clickAddButton()\n        self.managementPageClass.input_groupCname(managementPageClass_testdata[\"groupCname\"])\n        self.managementPageClass.input_groupEname(managementPageClass_testdata[\"groupEname\"])\n        self.managementPageClass.input_groupCode(managementPageClass_testdata[\"groupCode\"])\n        self.managementPageClass.input_maxUserRegister(managementPageClass_testdata[\"maxUserRegister\"])\n        self.managementPageClass.input_describeC(managementPageClass_testdata[\"describeC\"])\n        self.managementPageClass.input_describeE(managementPageClass_testdata[\"describeE\"])\n        self.managementPageClass.click_confirm()\n    \n        WebDriverWait(self.managementPageClass, 10).until(\n>           EC.text_to_be_present_in_element(self.managementPageClass.toastBox, '保存成功'))\n\nTestcases\\publicIndexPageTest\\test_groupManagementPage.py:35: \n_ _ _ _ _ _ _ _ _ _ _ _ _ _ _ _ _ _ _ _ _ _ _ _ _ _ _ _ _ _ _ _ _ _ _ _ _ _ _ _ _ _ _ _ _ _ _ _ _ _ _ _ _ _ _ _ _ _ _ _ _ _ _ _ _ _ _ _ _ _ _ _ _ _ _ _ _ _ _ _ _ _ _ _ _ _ _ _ _ _ _ _ _ _ _ _ _ _ _ _ _ _ _ _ _ _ _ _ _ _ _ _ _ _ _ _\n\nself = <[AttributeError(\"'ManagementPageClass' object has no attribute 'session_id'\",) raised in repr()] WebDriverWait object at 0x1855c609860>\nmethod = <selenium.webdriver.support.expected_conditions.text_to_be_present_in_element object at 0x000001855C609E48>, message = ''\n\n    def until(self, method, message=''):\n        \"\"\"Calls the method provided with the driver as an argument until the \\\n        return value is not False.\"\"\"\n        screen = None\n        stacktrace = None\n    \n        end_time = time.time() + self._timeout\n        while True:\n            try:\n                value = method(self._driver)\n                if value:\n                    return value\n            except self._ignored_exceptions as exc:\n                screen = getattr(exc, 'screen', None)\n                stacktrace = getattr(exc, 'stacktrace', None)\n            time.sleep(self._poll)\n            if time.time() > end_time:\n                break\n>       raise TimeoutException(message, screen, stacktrace)\nE       selenium.common.exceptions.TimeoutException: Message:\n\nC:\\Users\\zxxy\\AppData\\Local\\Programs\\Python\\Python36\\lib\\site-packages\\selenium\\webdriver\\support\\wait.py:80: TimeoutException"}, "attachments": [{"name": "log", "source": "9089aacd-8a86-4b26-adf1-67875dccce05-attachment.txt", "type": "text/plain"}], "parameters": [{"name": "managementPageClass_testdata", "value": "{'number': '1', 'casename': '保存成功', 'severity': 'blocker', 'groupCname': '测试1', 'groupEname': 'test1', 'groupCode': 'testhc', 'maxUserRegister': 10, 'describeC': '这是自动化测试', 'describeE': 'this is a auto test'}"}], "start": 1609988902596, "stop": 1609988915531, "uuid": "a5af0fbd-99cb-4311-bd97-d3ffd4b56492", "historyId": "6d484b4772a5e177faa9a4c483c0ed12", "testCaseId": "85ce6163a7580ed1da256ee80ce474f0", "fullName": "Testcases.publicIndexPageTest.test_groupManagementPage.TestManagementPageClass#test_addGroup", "labels": [{"name": "parentSuite", "value": "Testcases.publicIndexPageTest"}, {"name": "suite", "value": "test_groupManagementPage"}, {"name": "subSuite", "value": "TestManagementPageClass"}, {"name": "host", "value": "LAPTOP-3T6FO04H"}, {"name": "thread", "value": "21564-MainThread"}, {"name": "framework", "value": "pytest"}, {"name": "language", "value": "cpython3"}, {"name": "package", "value": "Testcases.publicIndexPageTest.test_groupManagementPage"}]}